app/build/outputs/logs/manifest-merger-debug-report.txt
-- Merging decision tree log ---
manifest
ADDED from src\main\AndroidManifest.xml:2:1-372:12
	package
		ADDED from src\main\AndroidManifest.xml:3:5-34
		INJECTED from src\main\AndroidManifest.xml
		INJECTED from src\main\AndroidManifest.xml
	android:versionName
		INJECTED from src\main\AndroidManifest.xml
		INJECTED from src\main\AndroidManifest.xml
	xmlns:android
		ADDED from src\main\AndroidManifest.xml:2:11-69
	android:versionCode
		INJECTED from src\main\AndroidManifest.xml
		INJECTED from src\main\AndroidManifest.xml
uses-permission#android.permission.RECEIVE_BOOT_COMPLETED
ADDED from src\main\AndroidManifest.xml:5:5-80
	android:name
		ADDED from src\main\AndroidManifest.xml:5:22-78
uses-permission#android.permission.VIBRATE
ADDED from src\main\AndroidManifest.xml:6:5-65
MERGED from [Milk_Machine:zxingLibrary:unspecified] AndroidManifest.xml:11:5-66
	android:name
		ADDED from src\main\AndroidManifest.xml:6:22-63
uses-permission#android.permission.RECORD_AUDIO
ADDED from src\main\AndroidManifest.xml:7:5-70
	android:name
		ADDED from src\main\AndroidManifest.xml:7:22-68
uses-permission#android.permission.INTERNET
ADDED from src\main\AndroidManifest.xml:8:5-66
MERGED from [com.antfortune.freeline:runtime:0.8.7] AndroidManifest.xml:11:5-67
	android:name
		ADDED from src\main\AndroidManifest.xml:8:22-64
uses-permission#android.permission.BLUETOOTH
ADDED from src\main\AndroidManifest.xml:9:5-68
	android:name
		ADDED from src\main\AndroidManifest.xml:9:22-65
uses-permission#android.permission.BLUETOOTH_ADMIN
ADDED from src\main\AndroidManifest.xml:10:5-74
	android:name
		ADDED from src\main\AndroidManifest.xml:10:22-71
uses-permission#android.permission.GET_ACCOUNTS
ADDED from src\main\AndroidManifest.xml:11:5-71
	android:name
		ADDED from src\main\AndroidManifest.xml:11:22-68
uses-permission#android.permission.READ_PROFILE
ADDED from src\main\AndroidManifest.xml:12:5-71
	android:name
		ADDED from src\main\AndroidManifest.xml:12:22-68
uses-permission#android.permission.READ_PHONE_STATE
ADDED from src\main\AndroidManifest.xml:13:5-75
	android:name
		ADDED from src\main\AndroidManifest.xml:13:22-72
uses-permission#android.permission.WRITE_EXTERNAL_STORAGE
ADDED from src\main\AndroidManifest.xml:14:5-81
MERGED from [Milk_Machine:gallery:unspecified] AndroidManifest.xml:11:5-81
	android:name
		ADDED from src\main\AndroidManifest.xml:14:22-78
uses-permission#android.permission.MOUNT_UNMOUNT_FILESYSTEMS
ADDED from src\main\AndroidManifest.xml:15:5-84
	android:name
		ADDED from src\main\AndroidManifest.xml:15:22-81
uses-permission#android.permission.WRITE_SETTINGS
ADDED from src\main\AndroidManifest.xml:17:5-73
	android:name
		ADDED from src\main\AndroidManifest.xml:17:22-70
uses-permission#android.permission.KILL_BACKGROUND_PROCESSES
ADDED from src\main\AndroidManifest.xml:18:5-84
	android:name
		ADDED from src\main\AndroidManifest.xml:18:22-81
uses-sdk
ADDED from src\main\AndroidManifest.xml:20:5-43
MERGED from [Milk_Machine:gallery:unspecified] AndroidManifest.xml:7:5-9:41
MERGED from [Milk_Machine:zxingLibrary:unspecified] AndroidManifest.xml:7:5-9:41
MERGED from [com.android.support:design:23.3.0] AndroidManifest.xml:20:5-43
MERGED from [Milk_Machine:framework:unspecified] AndroidManifest.xml:7:5-9:41
MERGED from [Milk_Machine:LibMarsdaemon:unspecified] AndroidManifest.xml:7:5-9:41
MERGED from [Milk_Machine:litepal:unspecified] AndroidManifest.xml:7:5-9:41
MERGED from [Milk_Machine:esptouch:unspecified] AndroidManifest.xml:7:5-9:41
MERGED from [com.android.support:multidex:1.0.1] AndroidManifest.xml:18:5-42
MERGED from [com.android.support.constraint:constraint-layout:1.0.2] AndroidManifest.xml:5:5-7:41
MERGED from [io.reactivex:rxandroid:1.2.1] AndroidManifest.xml:19:5-43
MERGED from [com.orhanobut:logger:1.15] AndroidManifest.xml:6:5-43
MERGED from [com.malinskiy:superrecyclerview:1.1.4] AndroidManifest.xml:8:5-10:41
MERGED from [com.android.support:recyclerview-v7:23.3.0] AndroidManifest.xml:20:5-43
MERGED from [com.github.castorflex.smoothprogressbar:library-circular:1.2.0] AndroidManifest.xml:8:5-10:41
MERGED from [com.jakewharton:butterknife:8.5.1] AndroidManifest.xml:5:5-43
MERGED from [me.guhy:SwipeRefreshPlus:1.0.8] AndroidManifest.xml:7:5-9:41
MERGED from [com.android.support:appcompat-v7:26.0.0-alpha1] AndroidManifest.xml:21:5-23:78
MERGED from [com.android.support:support-v4:26.0.0-alpha1] AndroidManifest.xml:21:5-23:54
MERGED from [com.android.support:support-media-compat:26.0.0-alpha1] AndroidManifest.xml:21:5-23:63
MERGED from [com.android.support:support-fragment:26.0.0-alpha1] AndroidManifest.xml:21:5-23:60
MERGED from [com.android.support:support-core-ui:26.0.0-alpha1] AndroidManifest.xml:21:5-23:58
MERGED from [com.android.support:support-core-utils:26.0.0-alpha1] AndroidManifest.xml:21:5-23:61
MERGED from [com.android.support:animated-vector-drawable:26.0.0-alpha1] AndroidManifest.xml:20:5-44
MERGED from [com.android.support:support-vector-drawable:26.0.0-alpha1] AndroidManifest.xml:20:5-44
MERGED from [com.android.support:support-compat:26.0.0-alpha1] AndroidManifest.xml:21:5-23:58
MERGED from [com.android.support:cardview-v7:26.0.0-alpha1] AndroidManifest.xml:20:5-44
MERGED from [com.antfortune.freeline:runtime:0.8.7] AndroidManifest.xml:7:5-9:41
	tools:overrideLibrary
		ADDED from [com.android.support:appcompat-v7:26.0.0-alpha1] AndroidManifest.xml:23:9-75
	android:targetSdkVersion
		INJECTED from src\main\AndroidManifest.xml
		INJECTED from src\main\AndroidManifest.xml
	android:minSdkVersion
		ADDED from src\main\AndroidManifest.xml:20:15-40
		INJECTED from src\main\AndroidManifest.xml
		INJECTED from src\main\AndroidManifest.xml
uses-permission#android.permission.ACCESS_WIFI_STATE
ADDED from src\main\AndroidManifest.xml:21:5-75
MERGED from [Milk_Machine:esptouch:unspecified] AndroidManifest.xml:11:5-76
	android:name
		ADDED from src\main\AndroidManifest.xml:21:22-73
uses-permission#android.permission.CHANGE_WIFI_STATE
ADDED from src\main\AndroidManifest.xml:22:5-75
MERGED from [Milk_Machine:esptouch:unspecified] AndroidManifest.xml:13:5-76
	android:name
		ADDED from src\main\AndroidManifest.xml:22:22-73
uses-permission#android.permission.CAMERA
ADDED from src\main\AndroidManifest.xml:23:5-65
MERGED from [Milk_Machine:zxingLibrary:unspecified] AndroidManifest.xml:13:5-65
	android:name
		ADDED from src\main\AndroidManifest.xml:23:22-62
uses-permission#android.permission.READ_EXTERNAL_STORAGE
ADDED from src\main\AndroidManifest.xml:26:5-80
MERGED from [Milk_Machine:gallery:unspecified] AndroidManifest.xml:12:5-80
	android:name
		ADDED from src\main\AndroidManifest.xml:26:22-77
uses-permission#android.permission.ACCESS_FINE_LOCATION
ADDED from src\main\AndroidManifest.xml:27:5-79
	android:name
		ADDED from src\main\AndroidManifest.xml:27:22-76
uses-permission#android.permission.ACCESS_COARSE_LOCATION
ADDED from src\main\AndroidManifest.xml:28:5-81
	android:name
		ADDED from src\main\AndroidManifest.xml:28:22-78
uses-feature#android.hardware.camera
ADDED from src\main\AndroidManifest.xml:34:5-59
MERGED from [Milk_Machine:zxingLibrary:unspecified] AndroidManifest.xml:15:5-60
	android:name
		ADDED from src\main\AndroidManifest.xml:34:19-57
uses-feature#android.hardware.autofocus
ADDED from src\main\AndroidManifest.xml:35:5-62
	android:name
		ADDED from src\main\AndroidManifest.xml:35:19-60
uses-permission#android.permission.FLASHLIGHT
ADDED from src\main\AndroidManifest.xml:36:5-68
	android:name
		ADDED from src\main\AndroidManifest.xml:36:22-66
uses-permission#android.permission.WAKE_LOCK
ADDED from src\main\AndroidManifest.xml:38:5-67
	android:name
		ADDED from src\main\AndroidManifest.xml:38:22-65
permission#com.canplay.medical.permission.JPUSH_MESSAGE
ADDED from src\main\AndroidManifest.xml:41:5-43:47
	android:protectionLevel
		ADDED from src\main\AndroidManifest.xml:43:9-44
	android:name
		ADDED from src\main\AndroidManifest.xml:42:9-68
uses-permission#com.canplay.repast_wear.permission.JPUSH_MESSAGE
ADDED from src\main\AndroidManifest.xml:46:5-88
	android:name
		ADDED from src\main\AndroidManifest.xml:46:22-85
uses-permission#android.permission.RECEIVE_USER_PRESENT
ADDED from src\main\AndroidManifest.xml:47:5-79
	android:name
		ADDED from src\main\AndroidManifest.xml:47:22-76
uses-permission#android.permission.ACCESS_NETWORK_STATE
ADDED from src\main\AndroidManifest.xml:56:5-79
	android:name
		ADDED from src\main\AndroidManifest.xml:56:22-76
uses-permission#android.permission.SYSTEM_ALERT_WINDOW
ADDED from src\main\AndroidManifest.xml:62:5-78
	android:name
		ADDED from src\main\AndroidManifest.xml:62:22-75
uses-permission#android.permission.ACCESS_LOCATION_EXTRA_COMMANDS
ADDED from src\main\AndroidManifest.xml:66:5-89
	android:name
		ADDED from src\main\AndroidManifest.xml:66:22-86
uses-permission#android.permission.CHANGE_NETWORK_STATE
ADDED from src\main\AndroidManifest.xml:67:5-79
	android:name
		ADDED from src\main\AndroidManifest.xml:67:22-76
uses-permission#android.permission.GET_TASKS
ADDED from src\main\AndroidManifest.xml:68:5-68
	android:name
		ADDED from src\main\AndroidManifest.xml:68:22-65
uses-permission#android.permission.READ_LOGS
ADDED from src\main\AndroidManifest.xml:82:5-68
	android:name
		ADDED from src\main\AndroidManifest.xml:82:22-65
application
ADDED from src\main\AndroidManifest.xml:84:5-370:19
MERGED from [Milk_Machine:gallery:unspecified] AndroidManifest.xml:14:5-16:19
MERGED from [Milk_Machine:zxingLibrary:unspecified] AndroidManifest.xml:20:5-25:19
MERGED from [com.android.support:design:23.3.0] AndroidManifest.xml:22:5-20
MERGED from [Milk_Machine:framework:unspecified] AndroidManifest.xml:11:5-15:19
MERGED from [Milk_Machine:LibMarsdaemon:unspecified] AndroidManifest.xml:11:5-15:19
MERGED from [Milk_Machine:litepal:unspecified] AndroidManifest.xml:11:5-14:19
MERGED from [com.android.support.constraint:constraint-layout:1.0.2] AndroidManifest.xml:9:5-20
MERGED from [com.malinskiy:superrecyclerview:1.1.4] AndroidManifest.xml:12:5-20
MERGED from [com.github.castorflex.smoothprogressbar:library-circular:1.2.0] AndroidManifest.xml:12:5-20
MERGED from [me.guhy:SwipeRefreshPlus:1.0.8] AndroidManifest.xml:11:5-14:19
MERGED from [com.android.support:appcompat-v7:26.0.0-alpha1] AndroidManifest.xml:29:5-20
MERGED from [com.android.support:support-v4:26.0.0-alpha1] AndroidManifest.xml:29:5-20
MERGED from [com.android.support:support-media-compat:26.0.0-alpha1] AndroidManifest.xml:29:5-20
MERGED from [com.android.support:support-fragment:26.0.0-alpha1] AndroidManifest.xml:29:5-20
MERGED from [com.android.support:support-core-ui:26.0.0-alpha1] AndroidManifest.xml:29:5-20
MERGED from [com.android.support:support-core-utils:26.0.0-alpha1] AndroidManifest.xml:29:5-20
MERGED from [com.android.support:animated-vector-drawable:26.0.0-alpha1] AndroidManifest.xml:26:5-20
MERGED from [com.android.support:support-vector-drawable:26.0.0-alpha1] AndroidManifest.xml:26:5-20
MERGED from [com.android.support:support-compat:26.0.0-alpha1] AndroidManifest.xml:29:5-20
MERGED from [com.android.support:cardview-v7:26.0.0-alpha1] AndroidManifest.xml:26:5-20
MERGED from [com.antfortune.freeline:runtime:0.8.7] AndroidManifest.xml:13:5-33:19
	android:label
		ADDED from src\main\AndroidManifest.xml:88:9-41
	android:supportsRtl
		ADDED from src\main\AndroidManifest.xml:91:9-35
	android:vmSafeMode
		ADDED from [com.antfortune.freeline:runtime:0.8.7] AndroidManifest.xml:13:18-43
	android:allowBackup
		ADDED from src\main\AndroidManifest.xml:86:9-35
	android:icon
		ADDED from src\main\AndroidManifest.xml:87:9-38
	android:largeHeap
		ADDED from src\main\AndroidManifest.xml:89:9-33
	android:persistent
		ADDED from src\main\AndroidManifest.xml:90:9-34
	android:theme
		ADDED from src\main\AndroidManifest.xml:92:9-40
	android:name
		ADDED from src\main\AndroidManifest.xml:85:9-61
activity#com.canplay.milk.mvp.activity.account.GuideActivity
ADDED from src\main\AndroidManifest.xml:93:9-102:20
	android:screenOrientation
		ADDED from src\main\AndroidManifest.xml:96:13-49
	android:configChanges
		ADDED from src\main\AndroidManifest.xml:95:13-74
	android:name
		ADDED from src\main\AndroidManifest.xml:94:13-79
intent-filter#android.intent.action.MAIN+android.intent.category.LAUNCHER
ADDED from src\main\AndroidManifest.xml:97:13-101:29
action#android.intent.action.MAIN
ADDED from src\main\AndroidManifest.xml:98:17-69
	android:name
		ADDED from src\main\AndroidManifest.xml:98:25-66
category#android.intent.category.LAUNCHER
ADDED from src\main\AndroidManifest.xml:100:17-77
	android:name
		ADDED from src\main\AndroidManifest.xml:100:27-74
provider#android.support.v4.content.FileProvider
ADDED from src\main\AndroidManifest.xml:104:9-112:20
	android:authorities
		ADDED from src\main\AndroidManifest.xml:106:13-67
	android:grantUriPermissions
		ADDED from src\main\AndroidManifest.xml:108:13-47
	android:exported
		ADDED from src\main\AndroidManifest.xml:107:13-37
	android:name
		ADDED from src\main\AndroidManifest.xml:105:13-67
meta-data#android.support.FILE_PROVIDER_PATHS
ADDED from src\main\AndroidManifest.xml:109:13-111:54
	android:resource
		ADDED from src\main\AndroidManifest.xml:111:17-51
	android:name
		ADDED from src\main\AndroidManifest.xml:110:17-67
activity#com.canplay.milk.mvp.activity.MainActivity
ADDED from src\main\AndroidManifest.xml:114:9-118:70
	android:screenOrientation
		ADDED from src\main\AndroidManifest.xml:115:13-49
	android:launchMode
		ADDED from src\main\AndroidManifest.xml:117:13-43
	android:windowSoftInputMode
		ADDED from src\main\AndroidManifest.xml:118:13-67
	android:name
		ADDED from src\main\AndroidManifest.xml:116:13-70
activity#com.canplay.milk.mvp.activity.home.AddMilkActivity
ADDED from src\main\AndroidManifest.xml:119:9-122:70
	android:screenOrientation
		ADDED from src\main\AndroidManifest.xml:120:13-49
	android:windowSoftInputMode
		ADDED from src\main\AndroidManifest.xml:122:13-67
	android:name
		ADDED from src\main\AndroidManifest.xml:121:13-78
activity#com.canplay.milk.mvp.activity.home.MilkDetailActivity
ADDED from src\main\AndroidManifest.xml:124:9-127:70
	android:screenOrientation
		ADDED from src\main\AndroidManifest.xml:125:13-49
	android:windowSoftInputMode
		ADDED from src\main\AndroidManifest.xml:127:13-67
	android:name
		ADDED from src\main\AndroidManifest.xml:126:13-81
activity#com.canplay.milk.mvp.activity.ImageListWitesActivity
ADDED from src\main\AndroidManifest.xml:128:9-131:70
	android:screenOrientation
		ADDED from src\main\AndroidManifest.xml:129:13-49
	android:windowSoftInputMode
		ADDED from src\main\AndroidManifest.xml:131:13-67
	android:name
		ADDED from src\main\AndroidManifest.xml:130:13-80
activity#com.canplay.milk.mvp.activity.home.PushMilkActivity
ADDED from src\main\AndroidManifest.xml:132:9-135:70
	android:screenOrientation
		ADDED from src\main\AndroidManifest.xml:133:13-49
	android:windowSoftInputMode
		ADDED from src\main\AndroidManifest.xml:135:13-67
	android:name
		ADDED from src\main\AndroidManifest.xml:134:13-79
activity#com.canplay.milk.mvp.activity.home.AddBrandsActivity
ADDED from src\main\AndroidManifest.xml:137:9-140:58
	android:screenOrientation
		ADDED from src\main\AndroidManifest.xml:138:13-49
	android:windowSoftInputMode
		ADDED from src\main\AndroidManifest.xml:140:13-55
	android:name
		ADDED from src\main\AndroidManifest.xml:139:13-80
activity#com.canplay.milk.mvp.activity.home.RemindMilkActivity
ADDED from src\main\AndroidManifest.xml:142:9-145:58
	android:screenOrientation
		ADDED from src\main\AndroidManifest.xml:143:13-49
	android:windowSoftInputMode
		ADDED from src\main\AndroidManifest.xml:145:13-55
	android:name
		ADDED from src\main\AndroidManifest.xml:144:13-81
activity#com.canplay.milk.mvp.activity.home.RemindSettingActivity
ADDED from src\main\AndroidManifest.xml:146:9-148:58
	android:windowSoftInputMode
		ADDED from src\main\AndroidManifest.xml:148:13-55
	android:name
		ADDED from src\main\AndroidManifest.xml:147:13-84
activity#com.canplay.milk.mvp.activity.home.SearchMilkActivity
ADDED from src\main\AndroidManifest.xml:150:9-153:58
	android:screenOrientation
		ADDED from src\main\AndroidManifest.xml:151:13-49
	android:windowSoftInputMode
		ADDED from src\main\AndroidManifest.xml:153:13-55
	android:name
		ADDED from src\main\AndroidManifest.xml:152:13-81
activity#com.canplay.milk.mvp.activity.home.MilkListActivity
ADDED from src\main\AndroidManifest.xml:154:9-157:58
	android:screenOrientation
		ADDED from src\main\AndroidManifest.xml:155:13-49
	android:windowSoftInputMode
		ADDED from src\main\AndroidManifest.xml:157:13-55
	android:name
		ADDED from src\main\AndroidManifest.xml:156:13-79
activity#com.canplay.milk.mvp.activity.mine.MineCodeActivity
ADDED from src\main\AndroidManifest.xml:160:9-163:52
	android:screenOrientation
		ADDED from src\main\AndroidManifest.xml:163:13-49
	android:theme
		ADDED from src\main\AndroidManifest.xml:162:13-44
	android:name
		ADDED from src\main\AndroidManifest.xml:161:13-79
activity#com.canplay.milk.mvp.activity.mine.MineInfoActivity
ADDED from src\main\AndroidManifest.xml:164:9-168:52
	android:screenOrientation
		ADDED from src\main\AndroidManifest.xml:168:13-49
	android:windowSoftInputMode
		ADDED from src\main\AndroidManifest.xml:165:13-67
	android:theme
		ADDED from src\main\AndroidManifest.xml:167:13-44
	android:name
		ADDED from src\main\AndroidManifest.xml:166:13-79
activity#com.canplay.milk.mvp.activity.mine.UpdateActivity
ADDED from src\main\AndroidManifest.xml:169:9-172:52
	android:screenOrientation
		ADDED from src\main\AndroidManifest.xml:172:13-49
	android:theme
		ADDED from src\main\AndroidManifest.xml:171:13-44
	android:name
		ADDED from src\main\AndroidManifest.xml:170:13-77
activity#com.canplay.milk.mvp.activity.mine.UserAvarActivity
ADDED from src\main\AndroidManifest.xml:173:9-176:52
	android:screenOrientation
		ADDED from src\main\AndroidManifest.xml:176:13-49
	android:theme
		ADDED from src\main\AndroidManifest.xml:175:13-44
	android:name
		ADDED from src\main\AndroidManifest.xml:174:13-79
activity#com.canplay.milk.mvp.activity.wiki.LookTImeActivity
ADDED from src\main\AndroidManifest.xml:177:9-180:52
	android:screenOrientation
		ADDED from src\main\AndroidManifest.xml:180:13-49
	android:theme
		ADDED from src\main\AndroidManifest.xml:179:13-44
	android:name
		ADDED from src\main\AndroidManifest.xml:178:13-79
activity#com.canplay.milk.mvp.activity.wiki.SeachResultActivity
ADDED from src\main\AndroidManifest.xml:181:9-184:52
	android:screenOrientation
		ADDED from src\main\AndroidManifest.xml:184:13-49
	android:theme
		ADDED from src\main\AndroidManifest.xml:183:13-44
	android:name
		ADDED from src\main\AndroidManifest.xml:182:13-82
activity#com.canplay.milk.mvp.activity.wiki.SendRecordActivity
ADDED from src\main\AndroidManifest.xml:185:9-188:52
	android:screenOrientation
		ADDED from src\main\AndroidManifest.xml:188:13-49
	android:theme
		ADDED from src\main\AndroidManifest.xml:187:13-44
	android:name
		ADDED from src\main\AndroidManifest.xml:186:13-81
activity#com.canplay.milk.mvp.activity.wiki.NurseryActivity
ADDED from src\main\AndroidManifest.xml:189:9-192:52
	android:screenOrientation
		ADDED from src\main\AndroidManifest.xml:192:13-49
	android:theme
		ADDED from src\main\AndroidManifest.xml:191:13-44
	android:name
		ADDED from src\main\AndroidManifest.xml:190:13-78
activity#com.canplay.milk.mvp.activity.wiki.PreviewRecordActivity
ADDED from src\main\AndroidManifest.xml:193:9-196:52
	android:screenOrientation
		ADDED from src\main\AndroidManifest.xml:196:13-49
	android:theme
		ADDED from src\main\AndroidManifest.xml:195:13-44
	android:name
		ADDED from src\main\AndroidManifest.xml:194:13-84
activity#com.canplay.milk.mvp.activity.wiki.PastWipiActivity
ADDED from src\main\AndroidManifest.xml:199:9-202:52
	android:screenOrientation
		ADDED from src\main\AndroidManifest.xml:202:13-49
	android:theme
		ADDED from src\main\AndroidManifest.xml:201:13-44
	android:name
		ADDED from src\main\AndroidManifest.xml:200:13-79
activity#com.canplay.milk.mvp.activity.wiki.PastWipiSearchActivity
ADDED from src\main\AndroidManifest.xml:203:9-206:52
	android:screenOrientation
		ADDED from src\main\AndroidManifest.xml:206:13-49
	android:theme
		ADDED from src\main\AndroidManifest.xml:205:13-44
	android:name
		ADDED from src\main\AndroidManifest.xml:204:13-85
activity#com.canplay.milk.mvp.activity.wiki.GroupRecordActivity
ADDED from src\main\AndroidManifest.xml:208:9-211:52
	android:screenOrientation
		ADDED from src\main\AndroidManifest.xml:211:13-49
	android:theme
		ADDED from src\main\AndroidManifest.xml:210:13-44
	android:name
		ADDED from src\main\AndroidManifest.xml:209:13-82
activity#com.canplay.milk.mvp.activity.mine.AboutActivity
ADDED from src\main\AndroidManifest.xml:214:9-217:48
	android:screenOrientation
		ADDED from src\main\AndroidManifest.xml:217:9-45
	android:theme
		ADDED from src\main\AndroidManifest.xml:216:9-40
	android:name
		ADDED from src\main\AndroidManifest.xml:215:9-72
activity#com.canplay.milk.mvp.activity.mine.EditorInfoActivity
ADDED from src\main\AndroidManifest.xml:218:9-221:52
	android:screenOrientation
		ADDED from src\main\AndroidManifest.xml:221:13-49
	android:theme
		ADDED from src\main\AndroidManifest.xml:220:13-44
	android:name
		ADDED from src\main\AndroidManifest.xml:219:13-81
activity#com.canplay.milk.mvp.activity.mine.DevelopActivity
ADDED from src\main\AndroidManifest.xml:222:9-225:52
	android:screenOrientation
		ADDED from src\main\AndroidManifest.xml:225:13-49
	android:theme
		ADDED from src\main\AndroidManifest.xml:224:13-44
	android:name
		ADDED from src\main\AndroidManifest.xml:223:13-78
activity#com.canplay.milk.mvp.activity.account.RegisteredSecondActivity
ADDED from src\main\AndroidManifest.xml:226:9-230:52
	android:screenOrientation
		ADDED from src\main\AndroidManifest.xml:230:13-49
	android:windowSoftInputMode
		ADDED from src\main\AndroidManifest.xml:229:13-67
	android:theme
		ADDED from src\main\AndroidManifest.xml:228:13-44
	android:name
		ADDED from src\main\AndroidManifest.xml:227:13-90
activity#com.canplay.milk.mvp.activity.account.LoginActivity
ADDED from src\main\AndroidManifest.xml:231:9-234:52
	android:screenOrientation
		ADDED from src\main\AndroidManifest.xml:234:13-49
	android:theme
		ADDED from src\main\AndroidManifest.xml:233:13-44
	android:name
		ADDED from src\main\AndroidManifest.xml:232:13-79
activity#com.canplay.milk.mvp.activity.account.RegisteredActivity
ADDED from src\main\AndroidManifest.xml:235:9-239:52
	android:screenOrientation
		ADDED from src\main\AndroidManifest.xml:239:13-49
	android:windowSoftInputMode
		ADDED from src\main\AndroidManifest.xml:238:13-67
	android:theme
		ADDED from src\main\AndroidManifest.xml:237:13-44
	android:name
		ADDED from src\main\AndroidManifest.xml:236:13-84
activity#com.canplay.milk.mvp.activity.mine.WifiSettingActivity
ADDED from src\main\AndroidManifest.xml:241:9-244:52
	android:screenOrientation
		ADDED from src\main\AndroidManifest.xml:244:13-49
	android:theme
		ADDED from src\main\AndroidManifest.xml:243:13-44
	android:name
		ADDED from src\main\AndroidManifest.xml:242:13-82
activity#com.canplay.milk.mvp.activity.mine.SettingActivity
ADDED from src\main\AndroidManifest.xml:246:9-250:8
	android:screenOrientation
		ADDED from src\main\AndroidManifest.xml:247:13-49
	android:theme
		ADDED from src\main\AndroidManifest.xml:249:13-44
	android:name
		ADDED from src\main\AndroidManifest.xml:248:13-78
activity#com.canplay.milk.mvp.activity.AlarmActivity
ADDED from src\main\AndroidManifest.xml:251:9-255:15
	android:screenOrientation
		ADDED from src\main\AndroidManifest.xml:252:13-49
	android:theme
		ADDED from src\main\AndroidManifest.xml:254:13-44
	android:name
		ADDED from src\main\AndroidManifest.xml:253:13-71
activity#com.google.zxing.client.android.activity.CaptureActivity
ADDED from src\main\AndroidManifest.xml:257:9-261:52
MERGED from [Milk_Machine:zxingLibrary:unspecified] AndroidManifest.xml:24:9-93
	android:screenOrientation
		ADDED from src\main\AndroidManifest.xml:261:13-49
	android:theme
		ADDED from src\main\AndroidManifest.xml:260:13-44
	android:name
		ADDED from src\main\AndroidManifest.xml:259:13-84
activity#com.canplay.milk.mvp.activity.WebViewWitesActivity
ADDED from src\main\AndroidManifest.xml:263:9-266:52
	android:screenOrientation
		ADDED from src\main\AndroidManifest.xml:266:13-49
	android:theme
		ADDED from src\main\AndroidManifest.xml:265:13-44
	android:name
		ADDED from src\main\AndroidManifest.xml:264:13-78
activity#com.canplay.milk.mvp.activity.account.ForgetPswActivity
ADDED from src\main\AndroidManifest.xml:269:9-273:52
	android:screenOrientation
		ADDED from src\main\AndroidManifest.xml:273:13-49
	android:windowSoftInputMode
		ADDED from src\main\AndroidManifest.xml:272:13-67
	android:theme
		ADDED from src\main\AndroidManifest.xml:271:13-44
	android:name
		ADDED from src\main\AndroidManifest.xml:270:13-83
activity#com.canplay.milk.mvp.activity.account.ForgetFirstActivity
ADDED from src\main\AndroidManifest.xml:274:9-277:52
	android:screenOrientation
		ADDED from src\main\AndroidManifest.xml:277:13-49
	android:theme
		ADDED from src\main\AndroidManifest.xml:276:13-44
	android:name
		ADDED from src\main\AndroidManifest.xml:275:13-85
activity#com.canplay.milk.mvp.activity.account.ChangePhoneActivity
ADDED from src\main\AndroidManifest.xml:279:9-282:52
	android:screenOrientation
		ADDED from src\main\AndroidManifest.xml:282:13-49
	android:theme
		ADDED from src\main\AndroidManifest.xml:281:13-44
	android:name
		ADDED from src\main\AndroidManifest.xml:280:13-85
receiver#com.canplay.milk.receiver.AlarmReceiver
ADDED from src\main\AndroidManifest.xml:290:9-294:20
	android:name
		ADDED from src\main\AndroidManifest.xml:290:19-73
intent-filter#com.canplay.alarm.lxm
ADDED from src\main\AndroidManifest.xml:291:13-293:29
action#com.canplay.alarm.lxm
ADDED from src\main\AndroidManifest.xml:292:17-63
	android:name
		ADDED from src\main\AndroidManifest.xml:292:25-61
service#com.canplay.milk.receiver.Service1
ADDED from src\main\AndroidManifest.xml:296:9-97
	android:process
		ADDED from src\main\AndroidManifest.xml:296:68-95
	android:name
		ADDED from src\main\AndroidManifest.xml:296:18-67
receiver#com.canplay.milk.receiver.Receiver1
ADDED from src\main\AndroidManifest.xml:297:9-99
	android:process
		ADDED from src\main\AndroidManifest.xml:297:70-97
	android:name
		ADDED from src\main\AndroidManifest.xml:297:19-69
service#com.canplay.milk.receiver.Service2
ADDED from src\main\AndroidManifest.xml:298:9-97
	android:process
		ADDED from src\main\AndroidManifest.xml:298:68-95
	android:name
		ADDED from src\main\AndroidManifest.xml:298:18-67
receiver#com.canplay.milk.receiver.Receiver2
ADDED from src\main\AndroidManifest.xml:299:9-99
	android:process
		ADDED from src\main\AndroidManifest.xml:299:70-97
	android:name
		ADDED from src\main\AndroidManifest.xml:299:19-69
receiver#com.canplay.milk.receiver.AlarmClockBroadcast
ADDED from src\main\AndroidManifest.xml:310:9-318:20
	android:process
		ADDED from src\main\AndroidManifest.xml:312:13-38
	android:name
		ADDED from src\main\AndroidManifest.xml:311:13-73
receiver#com.canplay.milk.receiver.BootBroadcastReceiver
ADDED from src\main\AndroidManifest.xml:320:9-324:20
	android:name
		ADDED from src\main\AndroidManifest.xml:320:19-81
intent-filter#android.intent.action.BOOT_COMPLETED
ADDED from src\main\AndroidManifest.xml:321:13-323:29
action#android.intent.action.BOOT_COMPLETED
ADDED from src\main\AndroidManifest.xml:322:17-78
	android:name
		ADDED from src\main\AndroidManifest.xml:322:25-76
receiver#com.canplay.milk.receiver.AlarmClockProcessReceiver
ADDED from src\main\AndroidManifest.xml:325:9-331:20
	android:exported
		ADDED from src\main\AndroidManifest.xml:327:13-37
	android:name
		ADDED from src\main\AndroidManifest.xml:326:13-79
intent-filter#com.canplay.medical.AlarmClockOff
ADDED from src\main\AndroidManifest.xml:328:13-330:29
action#com.canplay.medical.AlarmClockOff
ADDED from src\main\AndroidManifest.xml:329:17-75
	android:name
		ADDED from src\main\AndroidManifest.xml:329:25-73
receiver#com.canplay.milk.receiver.WakeReceiver
ADDED from src\main\AndroidManifest.xml:340:9-347:20
	android:enabled
		ADDED from src\main\AndroidManifest.xml:342:13-35
	android:exported
		ADDED from src\main\AndroidManifest.xml:343:13-37
	android:name
		ADDED from src\main\AndroidManifest.xml:341:13-66
intent-filter#com.kaku.weac.wake.gray
ADDED from src\main\AndroidManifest.xml:344:13-346:29
action#com.kaku.weac.wake.gray
ADDED from src\main\AndroidManifest.xml:345:17-65
	android:name
		ADDED from src\main\AndroidManifest.xml:345:25-63
service#com.canplay.milk.receiver.DaemonService$DaemonInnerService
ADDED from src\main\AndroidManifest.xml:349:9-353:40
	android:enabled
		ADDED from src\main\AndroidManifest.xml:351:13-35
	android:process
		ADDED from src\main\AndroidManifest.xml:353:13-38
	android:exported
		ADDED from src\main\AndroidManifest.xml:352:13-37
	android:name
		ADDED from src\main\AndroidManifest.xml:350:13-86
service#com.canplay.milk.receiver.WakeReceiver$WakeNotifyService
ADDED from src\main\AndroidManifest.xml:354:9-357:39
	android:enabled
		ADDED from src\main\AndroidManifest.xml:356:13-35
	android:exported
		ADDED from src\main\AndroidManifest.xml:357:13-37
	android:name
		ADDED from src\main\AndroidManifest.xml:355:13-84
service#com.canplay.milk.receiver.WakeReceiver$WakeGrayInnerService
ADDED from src\main\AndroidManifest.xml:359:9-362:39
	android:enabled
		ADDED from src\main\AndroidManifest.xml:361:13-35
	android:exported
		ADDED from src\main\AndroidManifest.xml:362:13-37
	android:name
		ADDED from src\main\AndroidManifest.xml:360:13-87
service#com.canplay.milk.receiver.DaemonService
ADDED from src\main\AndroidManifest.xml:365:9-369:19
	android:process
		ADDED from src\main\AndroidManifest.xml:368:13-38
	android:exported
		ADDED from src\main\AndroidManifest.xml:367:13-36
	android:name
		ADDED from src\main\AndroidManifest.xml:366:13-67
activity#io.valuesfeng.picker.ImageSelectActivity